<?xml version="1.0" encoding="UTF-8"?>
<!-- Generated by org.testng.reporters.JUnitReportReporter -->
<testsuite hostname="DESKTOP-SCQQDM0" failures="0" tests="1" name="apitesting.PostCreate" time="5.009" errors="0" timestamp="2022-11-11T16:04:09 IST" skipped="0">
  <testcase classname="apitesting.PostCreate" name="postMethod" time="5.009"/>
  <system-out/>
</testsuite> <!-- apitesting.PostCreate -->
