<?xml version="1.0" encoding="UTF-8"?>
<!-- Generated by org.testng.reporters.JUnitReportReporter -->
<testsuite hostname="DESKTOP-SCQQDM0" failures="0" tests="1" name="apitesting.PatchMethod" time="4.247" errors="0" timestamp="2022-11-11T15:28:22 IST" skipped="0">
  <testcase classname="apitesting.PatchMethod" name="givenThen" time="4.247"/>
  <system-out/>
</testsuite> <!-- apitesting.PatchMethod -->
