<?xml version="1.0" encoding="UTF-8"?>
<!-- Generated by org.testng.reporters.JUnitReportReporter -->
<testsuite hostname="DESKTOP-SCQQDM0" failures="0" tests="2" name="apitesting.RestMethodGET" time="4.381" errors="0" timestamp="2022-11-07T16:36:28 IST" skipped="0">
  <testcase classname="apitesting.RestMethodGET" name="testGetMethod" time="3.966"/>
  <system-out/>
  <testcase classname="apitesting.RestMethodGET" name="testGetRequest" time="0.415"/>
  <system-out/>
</testsuite> <!-- apitesting.RestMethodGET -->
