<?xml version="1.0" encoding="UTF-8"?>
<!-- Generated by org.testng.reporters.JUnitReportReporter -->
<testsuite hostname="DESKTOP-SCQQDM0" failures="0" tests="1" name="apitesting.PatchUpdate" time="4.993" errors="0" timestamp="2022-11-11T15:39:41 IST" skipped="0">
  <testcase classname="apitesting.PatchUpdate" name="patchMethod" time="4.993"/>
  <system-out/>
</testsuite> <!-- apitesting.PatchUpdate -->
