<?xml version="1.0" encoding="UTF-8"?>
<!-- Generated by org.testng.reporters.JUnitReportReporter -->
<testsuite hostname="DESKTOP-SCQQDM0" failures="0" tests="1" name="apitesting.PutMethod" time="4.192" errors="0" timestamp="2022-11-11T15:26:26 IST" skipped="0">
  <testcase classname="apitesting.PutMethod" name="givenThen" time="4.192"/>
  <system-out/>
</testsuite> <!-- apitesting.PutMethod -->
